[2025-12-31 18:23:25.274214] GitHub API: UP
[2025-12-31 18:23:25.357488] Google Search: UP
[2025-12-31 18:23:25.588276] HttpBin Success: UP
[2025-12-31 18:23:26.075379] HttpBin Failure: DOWN
[2025-12-31 18:23:26.561390] Slow Service: UP
[2025-12-31 18:23:32.560529] Non Existent Service: DOWN

[2025-12-31 18:24:02.890850] GitHub API: UP
[2025-12-31 18:24:02.942417] Google Search: UP
[2025-12-31 18:24:03.168374] HttpBin Success: UP
[2025-12-31 18:24:03.660178] HttpBin Failure: DOWN
[2025-12-31 18:24:04.439158] Slow Service: UP
[2025-12-31 18:24:10.048866] Non Existent Service: DOWN

[2025-12-31 18:24:40.393674] GitHub API: UP
[2025-12-31 18:24:40.500519] Google Search: UP
[2025-12-31 18:24:40.724965] HttpBin Success: UP
[2025-12-31 18:24:41.293893] HttpBin Failure: DOWN
[2025-12-31 18:24:41.772180] Slow Service: UP
[2025-12-31 18:24:47.720434] Non Existent Service: DOWN

[2025-12-31 18:25:21.363564] GitHub API: UP
[2025-12-31 18:25:21.422347] Google Search: UP
[2025-12-31 18:25:22.302412] HttpBin Success: UP
[2025-12-31 18:25:23.101432] HttpBin Failure: DOWN
[2025-12-31 18:25:23.568662] Slow Service: UP
[2025-12-31 18:25:29.045402] Non Existent Service: DOWN

[2025-12-31 18:26:00.887562] GitHub API: UP
[2025-12-31 18:26:01.019498] Google Search: UP
[2025-12-31 18:26:01.260487] HttpBin Success: UP
[2025-12-31 18:26:02.665160] HttpBin Failure: DOWN
[2025-12-31 18:26:03.136525] Slow Service: DOWN
[2025-12-31 18:26:08.501145] Non Existent Service: DOWN

[2025-12-31 18:26:32.474389] GitHub API: UP
[2025-12-31 18:26:32.544075] Google Search: UP
[2025-12-31 18:26:32.778585] HttpBin Success: UP
[2025-12-31 18:26:33.273151] HttpBin Failure: DOWN
[2025-12-31 18:26:33.741512] Slow Service: DOWN
[2025-12-31 18:26:37.106340] Non Existent Service: DOWN

[2025-12-31 18:26:56.688262] GitHub API: UP
[2025-12-31 18:26:56.754588] Google Search: UP
[2025-12-31 18:26:57.005027] HttpBin Success: UP
[2025-12-31 18:26:57.687954] HttpBin Failure: DOWN
[2025-12-31 18:26:58.161400] Slow Service: DOWN
[2025-12-31 18:27:01.534827] Non Existent Service: DOWN

[2025-12-31 18:27:06.888420] GitHub API: UP
[2025-12-31 18:27:06.965846] Google Search: UP
[2025-12-31 18:27:07.191027] HttpBin Success: UP
[2025-12-31 18:27:07.684797] HttpBin Failure: DOWN
[2025-12-31 18:27:08.185772] Slow Service: DOWN
[2025-12-31 18:27:11.559348] Non Existent Service: DOWN

[2025-12-31 18:27:16.896344] GitHub API: UP
[2025-12-31 18:27:16.945705] Google Search: UP
[2025-12-31 18:27:17.179236] HttpBin Success: DOWN
[2025-12-31 18:27:18.163302] HttpBin Failure: DOWN
[2025-12-31 18:27:18.630345] Slow Service: DOWN
[2025-12-31 18:27:21.982167] Non Existent Service: DOWN

[2025-12-31 18:27:27.355904] GitHub API: UP
[2025-12-31 18:27:27.409694] Google Search: UP
[2025-12-31 18:27:27.652617] HttpBin Success: UP
[2025-12-31 18:27:28.108630] HttpBin Failure: DOWN
[2025-12-31 18:27:28.618140] Slow Service: DOWN
[2025-12-31 18:27:31.953132] Non Existent Service: DOWN

